<?xml version="1.0" encoding="UTF-8"?>
<!-- Generated by org.testng.reporters.JUnitXMLReporter -->
<testsuite ignored="1" hostname="TYSS-Nandini" failures="1" tests="2" name="Test" time="56.968" errors="0" timestamp="2024-07-15T21:58:15 IST">
  <testcase classname="com.mystore.testcases.TC001_VerifyUserIsAbleToNavigateToMyStore" name="@BeforeMethod setup" time="0.001">
    <failure type="java.lang.IllegalArgumentException" message="Unsupported browser: browser">
      <![CDATA[java.lang.IllegalArgumentException: Unsupported browser: browser
at com.mystore.base.BaseClass.launchBrowser(BaseClass.java:73)
at com.mystore.testcases.TC001_VerifyUserIsAbleToNavigateToMyStore.setup(TC001_VerifyUserIsAbleToNavigateToMyStore.java:26)
at java.base/java.util.ArrayList.forEach(ArrayList.java:1541)
at java.base/java.util.concurrent.FutureTask.run(FutureTask.java:264)
at java.base/java.util.concurrent.ThreadPoolExecutor.runWorker(ThreadPoolExecutor.java:1128)
at java.base/java.util.concurrent.ThreadPoolExecutor$Worker.run(ThreadPoolExecutor.java:628)
at java.base/java.lang.Thread.run(Thread.java:834)
... Removed 22 stack frames]]>
    </failure>
  </testcase> <!-- @BeforeMethod setup -->
  <testcase classname="com.mystore.testcases.TC001_VerifyUserIsAbleToNavigateToMyStore" name="@AfterMethod tearDown" time="-1.721060895565E9">
    <skipped/>
  </testcase> <!-- @AfterMethod tearDown -->
  <testcase classname="com.mystore.testcases.VerifyUserIsAbleToCreateAnAccount" name="createAnAccount" time="14.083">
    <failure type="java.lang.NullPointerException">
      <![CDATA[java.lang.NullPointerException
at com.mystore.testcases.VerifyUserIsAbleToCreateAnAccount.createAnAccount(VerifyUserIsAbleToCreateAnAccount.java:82)
at java.base/java.util.ArrayList.forEach(ArrayList.java:1541)
at java.base/java.util.concurrent.FutureTask.run(FutureTask.java:264)
at java.base/java.util.concurrent.ThreadPoolExecutor.runWorker(ThreadPoolExecutor.java:1128)
at java.base/java.util.concurrent.ThreadPoolExecutor$Worker.run(ThreadPoolExecutor.java:628)
at java.base/java.lang.Thread.run(Thread.java:834)
... Removed 18 stack frames]]>
    </failure>
  </testcase> <!-- createAnAccount -->
  <testcase classname="com.mystore.testcases.TC001_VerifyUserIsAbleToNavigateToMyStore" name="loginToApplication" time="0.0">
    <skipped/>
  </testcase> <!-- loginToApplication -->
  <testcase classname="com.mystore.base.BaseClass" name="@BeforeTest loadConfig" time="0.0">
    <ignored/>
  </testcase> <!-- @BeforeTest loadConfig -->
</testsuite> <!-- Test -->
